<?xml version="1.0" encoding="UTF-8"?>
<!-- Generated by org.testng.reporters.JUnitReportReporter -->
<testsuite hostname="DESKTOP-TNHLF89" failures="0" tests="4" name="api.Test.UserTests2" time="11.057" errors="0" timestamp="2023-10-19T17:30:12 IST" skipped="0">
  <testcase classname="api.Test.UserTests2" name="TestPostUser" time="5.219"/>
  <system-out/>
  <testcase classname="api.Test.UserTests2" name="TestGetUserByName" time="1.501"/>
  <system-out/>
  <testcase classname="api.Test.UserTests2" name="TestUpdateUserByName" time="2.900"/>
  <system-out/>
  <testcase classname="api.Test.UserTests2" name="TestDeleteUserByName" time="1.437"/>
  <system-out/>
</testsuite> <!-- api.Test.UserTests2 -->
