<?xml version="1.0" encoding="UTF-8"?>
<!-- Generated by org.testng.reporters.JUnitReportReporter -->
<testsuite hostname="DESKTOP-TNHLF89" failures="0" tests="6" name="api.Test.DDTest" time="11.336" errors="0" timestamp="2023-10-09T18:05:01 IST" skipped="0">
  <testcase classname="api.Test.DDTest" name="TestPostUser" time="4.585"/>
  <system-out/>
  <testcase classname="api.Test.DDTest" name="TestPostUser" time="1.379"/>
  <system-out/>
  <testcase classname="api.Test.DDTest" name="TestPostUser" time="1.322"/>
  <system-out/>
  <testcase classname="api.Test.DDTest" name="TestDeleteUser" time="1.387"/>
  <system-out/>
  <testcase classname="api.Test.DDTest" name="TestDeleteUser" time="1.378"/>
  <system-out/>
  <testcase classname="api.Test.DDTest" name="TestDeleteUser" time="1.285"/>
  <system-out/>
</testsuite> <!-- api.Test.DDTest -->
