<?xml version="1.0" encoding="UTF-8"?>
<!-- Generated by org.testng.reporters.JUnitReportReporter -->
<testsuite hostname="DESKTOP-TNHLF89" failures="0" tests="4" name="api.Test.UserTests" time="12.043" errors="0" timestamp="2023-10-11T14:26:10 IST" skipped="0">
  <testcase classname="api.Test.UserTests" name="TestPostUser" time="6.364"/>
  <system-out/>
  <testcase classname="api.Test.UserTests" name="TestGetUserByName" time="1.449"/>
  <system-out/>
  <testcase classname="api.Test.UserTests" name="TestUpdateUserByName" time="2.845"/>
  <system-out/>
  <testcase classname="api.Test.UserTests" name="TestDeleteUserByName" time="1.385"/>
  <system-out/>
</testsuite> <!-- api.Test.UserTests -->
