<?xml version="1.0" encoding="UTF-8"?>
<!-- Generated by org.testng.reporters.JUnitReportReporter -->
<testsuite hostname="DESKTOP-TNHLF89" failures="0" tests="4" name="api.Test.UserTests2" time="13.700" errors="0" timestamp="2023-10-27T14:56:03 IST" skipped="0">
  <testcase classname="api.Test.UserTests2" name="TestPostUser" time="6.114"/>
  <system-out/>
  <testcase classname="api.Test.UserTests2" name="TestGetUserByName" time="1.585"/>
  <system-out/>
  <testcase classname="api.Test.UserTests2" name="TestUpdateUserByName" time="3.920"/>
  <system-out/>
  <testcase classname="api.Test.UserTests2" name="TestDeleteUserByName" time="2.081"/>
  <system-out/>
</testsuite> <!-- api.Test.UserTests2 -->
